17:07:51.936 [main] [INFO ] io.github.work.AliceJobWork.beforeStart - 开始上班摸鱼.........
17:17:49.331 [main] [INFO ] i.g.source.SourceWorkEventListener.onEvent - 收到原始工作数据.....nVxqXFuCR00ZAawIWuapI
17:17:49.451 [main] [INFO ] i.g.source.SourceWorkEventListener.onEvent - 收到原始工作数据.....3b7oQDJI1xEz56GfRaNQw
17:17:49.559 [main] [INFO ] i.g.source.SourceWorkEventListener.onEvent - 收到原始工作数据.....3sbgH60OvVsiHUWhU_89O
17:17:49.668 [main] [INFO ] i.g.source.SourceWorkEventListener.onEvent - 收到原始工作数据.....4edmhNMNk4fRZSCjCBvgf
17:17:49.778 [main] [INFO ] i.g.source.SourceWorkEventListener.onEvent - 收到原始工作数据.....jHgL55WHsawdU6tcHFe84
17:17:49.885 [main] [INFO ] i.g.source.SourceWorkEventListener.onEvent - 收到原始工作数据.....-HjR0_pdVxBmpfv6W5Qph
17:17:49.993 [main] [INFO ] i.g.source.SourceWorkEventListener.onEvent - 收到原始工作数据.....UQRKDngegGfbPny8qNoL0
17:17:50.102 [main] [INFO ] i.g.source.SourceWorkEventListener.onEvent - 收到原始工作数据.....Q80fHZy_OfH6EC-79VR2V
17:17:50.210 [main] [INFO ] i.g.source.SourceWorkEventListener.onEvent - 收到原始工作数据.....kwbOLac1-C7k3liDVxIZI
17:17:50.318 [main] [INFO ] i.g.source.SourceWorkEventListener.onEvent - 收到原始工作数据.....XhIvWo4eV0u11rH-JInT9
17:17:50.427 [main] [INFO ] i.g.source.SourceWorkEventListener.onEvent - 收到原始工作数据.....PxejUy1tGMD1dAZF8qBMI
17:17:50.537 [main] [INFO ] i.g.source.SourceWorkEventListener.onEvent - 收到原始工作数据.....JZmjNLANIR0TURAudHD0_
17:17:50.647 [main] [INFO ] i.g.source.SourceWorkEventListener.onEvent - 收到原始工作数据.....Sgjunp2QekUkb3-RGtVTr
17:17:50.757 [main] [INFO ] i.g.source.SourceWorkEventListener.onEvent - 收到原始工作数据.....3vkhaSWZoNQB6ksJHArvN
17:17:50.866 [main] [INFO ] i.g.source.SourceWorkEventListener.onEvent - 收到原始工作数据.....nwC1lXuG01dv9YidZBDSp
17:17:50.974 [main] [INFO ] i.g.source.SourceWorkEventListener.onEvent - 收到原始工作数据.....HvSL4iHUlGM3xsozatfna
17:17:51.081 [main] [INFO ] i.g.source.SourceWorkEventListener.onEvent - 收到原始工作数据.....iTEUSghDIo4DF4Tzd87AC
17:17:51.190 [main] [INFO ] i.g.source.SourceWorkEventListener.onEvent - 收到原始工作数据.....DSghJm5_DKviRfopkhm4v
17:17:51.299 [main] [INFO ] i.g.source.SourceWorkEventListener.onEvent - 收到原始工作数据.....nkZvU-iVbuB25heh6Jbrr
17:17:51.407 [main] [INFO ] i.g.source.SourceWorkEventListener.onEvent - 收到原始工作数据.....zXVOguCPW-QVHPhNgLok4
17:17:51.512 [main] [INFO ] i.g.source.SourceWorkEventListener.onEvent - 收到原始工作数据.....jiZZU3aRe3OA-N9nuUjXs
17:17:51.621 [main] [INFO ] i.g.source.SourceWorkEventListener.onEvent - 收到原始工作数据.....ni-A9txswvmNS9K4slkCl
17:17:51.731 [main] [INFO ] i.g.source.SourceWorkEventListener.onEvent - 收到原始工作数据.....osUn4YREYf4ybTv08YivA
17:17:51.840 [main] [INFO ] i.g.source.SourceWorkEventListener.onEvent - 收到原始工作数据.....8EWwQToLxWrvh0HFDJOUS
17:17:51.949 [main] [INFO ] i.g.source.SourceWorkEventListener.onEvent - 收到原始工作数据.....dsxbNUpODOYIA09l-pPS7
17:17:52.056 [main] [INFO ] i.g.source.SourceWorkEventListener.onEvent - 收到原始工作数据.....a7fCoA7PkgOwT3Av54P4h
17:17:52.164 [main] [INFO ] i.g.source.SourceWorkEventListener.onEvent - 收到原始工作数据.....xVhmfyIatjIQAQR8j4m-u
17:17:52.273 [main] [INFO ] i.g.source.SourceWorkEventListener.onEvent - 收到原始工作数据.....rlseKlDS-pixgsXFJhRzL
17:17:52.382 [main] [INFO ] i.g.source.SourceWorkEventListener.onEvent - 收到原始工作数据.....Wvl-iWowLYNj5MSM0YYxB
17:17:52.490 [main] [INFO ] i.g.source.SourceWorkEventListener.onEvent - 收到原始工作数据.....bDXkqeGZ9xumdcjnj7u8e
17:17:52.597 [main] [INFO ] i.g.source.SourceWorkEventListener.onEvent - 收到原始工作数据.....POmRT_QxnKfB2ufctHyf9
17:17:52.707 [main] [INFO ] i.g.source.SourceWorkEventListener.onEvent - 收到原始工作数据.....h96yQdTS5MgXUxsNwYnt0
17:17:52.814 [main] [INFO ] i.g.source.SourceWorkEventListener.onEvent - 收到原始工作数据.....src8WFL_-0dQ70jpH8NMk
17:17:52.922 [main] [INFO ] i.g.source.SourceWorkEventListener.onEvent - 收到原始工作数据.....6SQ4hlln0wtwHSCuwFlcW
17:17:53.030 [main] [INFO ] i.g.source.SourceWorkEventListener.onEvent - 收到原始工作数据.....abZVr3TQMskd8Yl0DiRwF
17:17:53.138 [main] [INFO ] i.g.source.SourceWorkEventListener.onEvent - 收到原始工作数据.....yQlSggO2d8pad4CiofiSx
17:17:53.244 [main] [INFO ] i.g.source.SourceWorkEventListener.onEvent - 收到原始工作数据.....m00xvRNTxWc6km12NC9Mi
17:17:53.352 [main] [INFO ] i.g.source.SourceWorkEventListener.onEvent - 收到原始工作数据.....OGBPz92yRb9r5O3rqJxJ_
17:17:53.459 [main] [INFO ] i.g.source.SourceWorkEventListener.onEvent - 收到原始工作数据.....id0QwdHB_L9y29XLhjOE0
17:17:53.568 [main] [INFO ] i.g.source.SourceWorkEventListener.onEvent - 收到原始工作数据.....gVGCjAju84zRLe9usMttw
17:17:53.676 [main] [INFO ] i.g.source.SourceWorkEventListener.onEvent - 收到原始工作数据.....Ae67zkDhT8CHAt_RHahRF
17:17:53.784 [main] [INFO ] i.g.source.SourceWorkEventListener.onEvent - 收到原始工作数据.....vQcGAeLxeLa7q0XQXGSBJ
17:17:53.891 [main] [INFO ] i.g.source.SourceWorkEventListener.onEvent - 收到原始工作数据.....6nBm2_v1Dy9axOCimfWAi
17:17:53.998 [main] [INFO ] i.g.source.SourceWorkEventListener.onEvent - 收到原始工作数据.....elG7pZNoVLbZekUuUp4AT
17:17:54.106 [main] [INFO ] i.g.source.SourceWorkEventListener.onEvent - 收到原始工作数据.....QYtCGeKClYJ7PWtiMZnr9
17:17:54.213 [main] [INFO ] i.g.source.SourceWorkEventListener.onEvent - 收到原始工作数据.....tn27UOPSJrH_wNgpvWmj4
17:17:54.321 [main] [INFO ] i.g.source.SourceWorkEventListener.onEvent - 收到原始工作数据.....1HrTNX_fx1He7jUGv_pM3
17:17:54.428 [main] [INFO ] i.g.source.SourceWorkEventListener.onEvent - 收到原始工作数据.....1XvkOOtfa2iEMD4lNyeRi
17:17:54.535 [main] [INFO ] i.g.source.SourceWorkEventListener.onEvent - 收到原始工作数据.....rYMn2tlSWctbrtzpspH9i
17:17:54.643 [main] [INFO ] i.g.source.SourceWorkEventListener.onEvent - 收到原始工作数据.....FfWaaZgtftKXypH0c4AmE
17:17:54.749 [main] [INFO ] i.g.source.SourceWorkEventListener.onEvent - 收到原始工作数据.....EQX9CsqfTSZTe7hWAwg7s
17:17:54.858 [main] [INFO ] i.g.source.SourceWorkEventListener.onEvent - 收到原始工作数据.....fFwaa5Qf7B7v6eqZsJu_0
17:17:54.966 [main] [INFO ] i.g.source.SourceWorkEventListener.onEvent - 收到原始工作数据.....i7gZbsg454Ij1vyD7vTyh
17:17:55.075 [main] [INFO ] i.g.source.SourceWorkEventListener.onEvent - 收到原始工作数据.....GzHYFUBqtzN2KPUyNHXq6
17:17:55.184 [main] [INFO ] i.g.source.SourceWorkEventListener.onEvent - 收到原始工作数据.....7vI2HSkxv8zIjZAwxkMmk
17:17:55.292 [main] [INFO ] i.g.source.SourceWorkEventListener.onEvent - 收到原始工作数据.....K2rVRu5lxBnD3Yps88GD-
17:17:55.400 [main] [INFO ] i.g.source.SourceWorkEventListener.onEvent - 收到原始工作数据.....g6tcZeyb1jFMkU2SL0BN9
17:17:55.508 [main] [INFO ] i.g.source.SourceWorkEventListener.onEvent - 收到原始工作数据.....8knI9hp0jpnx4XGOoK2VJ
17:17:55.615 [main] [INFO ] i.g.source.SourceWorkEventListener.onEvent - 收到原始工作数据.....nzqM_AJDRd1tuRVbFOIMa
17:17:55.725 [main] [INFO ] i.g.source.SourceWorkEventListener.onEvent - 收到原始工作数据.....W3j8hb57I7iROx_adJOj6
17:17:55.833 [main] [INFO ] i.g.source.SourceWorkEventListener.onEvent - 收到原始工作数据.....ZaDKjWwPwtS3UowOyh-3z
17:17:55.943 [main] [INFO ] i.g.source.SourceWorkEventListener.onEvent - 收到原始工作数据.....fsCwMjwKAE9QOYxH6ufYQ
17:17:56.051 [main] [INFO ] i.g.source.SourceWorkEventListener.onEvent - 收到原始工作数据.....AAEHkBP5kZCxb6BtGvjaD
17:17:56.160 [main] [INFO ] i.g.source.SourceWorkEventListener.onEvent - 收到原始工作数据.....xyqrmQg8OTlGK-V8xbbWQ
17:17:56.268 [main] [INFO ] i.g.source.SourceWorkEventListener.onEvent - 收到原始工作数据.....t5TIRCVBkk1JgVAIcy_fr
17:17:56.378 [main] [INFO ] i.g.source.SourceWorkEventListener.onEvent - 收到原始工作数据.....RX-gUPJy65Toe48pK0kXo
17:17:56.487 [main] [INFO ] i.g.source.SourceWorkEventListener.onEvent - 收到原始工作数据.....naMwBGSq4biV5Y33FQ2iv
17:17:56.595 [main] [INFO ] i.g.source.SourceWorkEventListener.onEvent - 收到原始工作数据.....fNeamrKPcoun67qvH27Zp
17:17:56.703 [main] [INFO ] i.g.source.SourceWorkEventListener.onEvent - 收到原始工作数据.....6VGpmG_g9hXWcZXOmioRB
17:17:56.814 [main] [INFO ] i.g.source.SourceWorkEventListener.onEvent - 收到原始工作数据.....mCTB9UX0YrX6go197D8Oi
17:17:56.923 [main] [INFO ] i.g.source.SourceWorkEventListener.onEvent - 收到原始工作数据.....AlZ0_41bUaY7bnKXjKU5E
17:17:57.032 [main] [INFO ] i.g.source.SourceWorkEventListener.onEvent - 收到原始工作数据.....pgUR3eTQPcgWm4S6QShkd
17:17:57.141 [main] [INFO ] i.g.source.SourceWorkEventListener.onEvent - 收到原始工作数据.....BNWplkL2jCPCRYv7wnEdW
17:17:57.249 [main] [INFO ] i.g.source.SourceWorkEventListener.onEvent - 收到原始工作数据.....6WzWM2u4SpfGdgH0hWb7S
17:17:57.359 [main] [INFO ] i.g.source.SourceWorkEventListener.onEvent - 收到原始工作数据.....XDFsek4ejml2dJVZpJYUj
17:17:57.466 [main] [INFO ] i.g.source.SourceWorkEventListener.onEvent - 收到原始工作数据.....NpahpTxo6yNU2lj6g4Abe
17:17:57.574 [main] [INFO ] i.g.source.SourceWorkEventListener.onEvent - 收到原始工作数据.....XXyW0eTiSZoua-BM17Vdo
17:17:57.682 [main] [INFO ] i.g.source.SourceWorkEventListener.onEvent - 收到原始工作数据.....vYz1pDGACEhXoxoTONr4I
17:17:57.789 [main] [INFO ] i.g.source.SourceWorkEventListener.onEvent - 收到原始工作数据.....CJKKr03bTXJQ6eg1lATBW
17:17:57.897 [main] [INFO ] i.g.source.SourceWorkEventListener.onEvent - 收到原始工作数据.....CO1cx2ZO0ku_qQFa0UYY2
17:17:58.005 [main] [INFO ] i.g.source.SourceWorkEventListener.onEvent - 收到原始工作数据.....Fq8W7Ap-lM1vw5pgbH3zy
17:17:58.113 [main] [INFO ] i.g.source.SourceWorkEventListener.onEvent - 收到原始工作数据.....7gziYCC67f54octmmY0Jj
17:17:58.221 [main] [INFO ] i.g.source.SourceWorkEventListener.onEvent - 收到原始工作数据.....nT1YWj24PY6AbrWjuAbzH
17:17:58.327 [main] [INFO ] i.g.source.SourceWorkEventListener.onEvent - 收到原始工作数据.....9qU6G7hspS0eM_dCoKChK
17:17:58.434 [main] [INFO ] i.g.source.SourceWorkEventListener.onEvent - 收到原始工作数据.....RsQYApMowSUkkLLC0vXlO
17:17:58.542 [main] [INFO ] i.g.source.SourceWorkEventListener.onEvent - 收到原始工作数据.....Du890J3tnhGBeQTNaATN-
17:17:58.651 [main] [INFO ] i.g.source.SourceWorkEventListener.onEvent - 收到原始工作数据.....ZfoWAR0IIyvp0YT_kicXM
17:17:58.759 [main] [INFO ] i.g.source.SourceWorkEventListener.onEvent - 收到原始工作数据.....8_2OkLk-oWqVvwYiwE0wS
17:17:58.868 [main] [INFO ] i.g.source.SourceWorkEventListener.onEvent - 收到原始工作数据.....GMKfOF9M2kpBD7nXvkuvj
17:17:58.975 [main] [INFO ] i.g.source.SourceWorkEventListener.onEvent - 收到原始工作数据.....3xKDvSBeCph58aYAZJovo
17:17:59.083 [main] [INFO ] i.g.source.SourceWorkEventListener.onEvent - 收到原始工作数据.....kJsNEuvcYxaO-GrSyx8M2
17:17:59.191 [main] [INFO ] i.g.source.SourceWorkEventListener.onEvent - 收到原始工作数据.....IQU8ELsy9enQjYn8EXH5T
17:17:59.298 [main] [INFO ] i.g.source.SourceWorkEventListener.onEvent - 收到原始工作数据.....rL47I6ZuUfO5g1dlVpx6z
17:17:59.406 [main] [INFO ] i.g.source.SourceWorkEventListener.onEvent - 收到原始工作数据.....GA23Cq0MDXnBR-1HkMQ1J
17:17:59.513 [main] [INFO ] i.g.source.SourceWorkEventListener.onEvent - 收到原始工作数据.....Nu58qwzKp2BJLyTOswMoU
17:17:59.622 [main] [INFO ] i.g.source.SourceWorkEventListener.onEvent - 收到原始工作数据.....z3zefRiKTeRUSZt8p7vc1
17:17:59.728 [main] [INFO ] i.g.source.SourceWorkEventListener.onEvent - 收到原始工作数据.....rkUEe_HUDNbrmyR_zmbix
17:17:59.835 [main] [INFO ] i.g.source.SourceWorkEventListener.onEvent - 收到原始工作数据.....RsNLRgtE-5WIvMBBYbGUz
17:17:59.942 [main] [INFO ] i.g.source.SourceWorkEventListener.onEvent - 收到原始工作数据.....PYhu5n2X4YioFWr6x6l2B
17:18:00.050 [main] [INFO ] i.g.source.SourceWorkEventListener.onEvent - 收到原始工作数据.....VmG7LJqbapFy7UPyLAjjd
17:18:00.157 [main] [INFO ] i.g.source.SourceWorkEventListener.onEvent - 收到原始工作数据.....0PG4vJIm180KI6q6WKe41
17:18:00.266 [main] [INFO ] i.g.source.SourceWorkEventListener.onEvent - 收到原始工作数据.....XoM_j07qlrV0WHMTfs10t
17:18:00.373 [main] [INFO ] i.g.source.SourceWorkEventListener.onEvent - 收到原始工作数据.....05W19Ct2wScbxn_JG8WZg
17:18:00.483 [main] [INFO ] i.g.source.SourceWorkEventListener.onEvent - 收到原始工作数据.....InbHogjsql9aYbuhmNzuQ
17:18:00.593 [main] [INFO ] i.g.source.SourceWorkEventListener.onEvent - 收到原始工作数据.....c0nZ11cLRqkqtlO8WIqE1
17:18:00.702 [main] [INFO ] i.g.source.SourceWorkEventListener.onEvent - 收到原始工作数据.....itiNDJQhxgxWQMShGb7Ru
17:18:00.810 [main] [INFO ] i.g.source.SourceWorkEventListener.onEvent - 收到原始工作数据.....vAw3qXS1gYqRiV0bqOipb
17:18:00.919 [main] [INFO ] i.g.source.SourceWorkEventListener.onEvent - 收到原始工作数据.....nzr7cjf16i2gs0e2_AOep
17:18:01.025 [main] [INFO ] i.g.source.SourceWorkEventListener.onEvent - 收到原始工作数据.....xfv2JYuZD52ROYHgEhmpG
17:18:01.134 [main] [INFO ] i.g.source.SourceWorkEventListener.onEvent - 收到原始工作数据.....J1eQ5PdLZUoUAD0D6ZuEs
17:18:01.242 [main] [INFO ] i.g.source.SourceWorkEventListener.onEvent - 收到原始工作数据.....npnB0uKkuAtWMk5pOV7Hh
17:18:01.351 [main] [INFO ] i.g.source.SourceWorkEventListener.onEvent - 收到原始工作数据.....9ns1Ka4kOHLwR4JfwFjil
17:18:01.460 [main] [INFO ] i.g.source.SourceWorkEventListener.onEvent - 收到原始工作数据.....oay7ilK78ThAQwP75GEzN
17:18:01.568 [main] [INFO ] i.g.source.SourceWorkEventListener.onEvent - 收到原始工作数据.....p85OrZW2NVOUg9c91TbfG
17:18:01.678 [main] [INFO ] i.g.source.SourceWorkEventListener.onEvent - 收到原始工作数据.....0on_SFLz8TcuhwfCGBTBn
17:18:01.787 [main] [INFO ] i.g.source.SourceWorkEventListener.onEvent - 收到原始工作数据.....klM3NHqlMg0FDWu2hfWsT
17:18:01.895 [main] [INFO ] i.g.source.SourceWorkEventListener.onEvent - 收到原始工作数据.....edRJi-t_RajtQ9sy31j1K
17:18:02.003 [main] [INFO ] i.g.source.SourceWorkEventListener.onEvent - 收到原始工作数据.....yK61OjVV8roxdXQrEB_cX
17:18:02.111 [main] [INFO ] i.g.source.SourceWorkEventListener.onEvent - 收到原始工作数据.....c3epYio0KpjTfpY1k3T3N
17:18:02.219 [main] [INFO ] i.g.source.SourceWorkEventListener.onEvent - 收到原始工作数据.....Uka6MXbq78aFgQSXNqeEU
17:18:02.327 [main] [INFO ] i.g.source.SourceWorkEventListener.onEvent - 收到原始工作数据.....mV4_TIg_7SAeoYZKqiOzz
17:18:02.435 [main] [INFO ] i.g.source.SourceWorkEventListener.onEvent - 收到原始工作数据.....byb_jV-V4JLJT1MlIoFB-
17:18:02.542 [main] [INFO ] i.g.source.SourceWorkEventListener.onEvent - 收到原始工作数据.....O7nxP2ghL9iJLuC9XPs7d
17:18:02.650 [main] [INFO ] i.g.source.SourceWorkEventListener.onEvent - 收到原始工作数据.....wRrFlYslMJXL4tWnuGIlL
17:18:02.758 [main] [INFO ] i.g.source.SourceWorkEventListener.onEvent - 收到原始工作数据.....N-zrLaVaxg0f95vZYf5_C
17:18:02.867 [main] [INFO ] i.g.source.SourceWorkEventListener.onEvent - 收到原始工作数据.....YKeT2Wnf9vgogNHc4fyzM
17:18:02.973 [main] [INFO ] i.g.source.SourceWorkEventListener.onEvent - 收到原始工作数据.....zRa3IZGzqhTo8XVxz_u0F
17:18:03.080 [main] [INFO ] i.g.source.SourceWorkEventListener.onEvent - 收到原始工作数据.....on5r8t3An9WlU7gjvjgvA
17:18:03.188 [main] [INFO ] i.g.source.SourceWorkEventListener.onEvent - 收到原始工作数据.....DZ_nQDwX0joSPLyWoXeZW
17:18:03.298 [main] [INFO ] i.g.source.SourceWorkEventListener.onEvent - 收到原始工作数据.....bvL5HkDemuDHLfCOR4_jF
17:18:03.406 [main] [INFO ] i.g.source.SourceWorkEventListener.onEvent - 收到原始工作数据.....oqg4KZcHRh8HLW1_11WTz
17:18:03.514 [main] [INFO ] i.g.source.SourceWorkEventListener.onEvent - 收到原始工作数据.....2ggdkGESMfnSFnGYlE4sZ
17:18:03.624 [main] [INFO ] i.g.source.SourceWorkEventListener.onEvent - 收到原始工作数据.....W_6vg5Fc-TmVi5_8_xqY3
17:19:57.770 [main] [INFO ] i.g.source.SourceWorkEventListener.onEvent - 收到原始工作数据.....KtWDUC9Owm3WhCpVSUhGh
17:19:57.882 [main] [INFO ] i.g.source.SourceWorkEventListener.onEvent - 收到原始工作数据.....hGWv7BfuYx4NuRe_M7LSx
17:19:57.990 [main] [INFO ] i.g.source.SourceWorkEventListener.onEvent - 收到原始工作数据.....2lP70U7kftv5pOX_E5Cu8
17:19:58.099 [main] [INFO ] i.g.source.SourceWorkEventListener.onEvent - 收到原始工作数据.....0-lHatoOrBvEs_Cjz7kUh
17:19:58.207 [main] [INFO ] i.g.source.SourceWorkEventListener.onEvent - 收到原始工作数据.....cLHn6n8bQB7hPkY7PP28_
17:19:58.314 [main] [INFO ] i.g.source.SourceWorkEventListener.onEvent - 收到原始工作数据.....g5r_3TIa6m-X9b3x5BgJg
17:19:58.423 [main] [INFO ] i.g.source.SourceWorkEventListener.onEvent - 收到原始工作数据.....2hYOw0tOGjLO_0SkVFl9S
17:19:58.530 [main] [INFO ] i.g.source.SourceWorkEventListener.onEvent - 收到原始工作数据.....VcEgl9GqCvpGq43qQs06_
17:19:58.639 [main] [INFO ] i.g.source.SourceWorkEventListener.onEvent - 收到原始工作数据.....SSZxVCmDBkh_jGilaKliO
17:19:58.749 [main] [INFO ] i.g.source.SourceWorkEventListener.onEvent - 收到原始工作数据.....gvlVbNZnBI6Lj3Bop2b_I
17:19:58.858 [main] [INFO ] i.g.source.SourceWorkEventListener.onEvent - 收到原始工作数据.....uF8Dkn3LbyN6e8tufQDYB
17:19:58.967 [main] [INFO ] i.g.source.SourceWorkEventListener.onEvent - 收到原始工作数据.....o8nrjR3j0ELL9wRohCuA1
17:19:59.076 [main] [INFO ] i.g.source.SourceWorkEventListener.onEvent - 收到原始工作数据.....kj_-pknUDvXSDD-ATFoV6
17:19:59.183 [main] [INFO ] i.g.source.SourceWorkEventListener.onEvent - 收到原始工作数据.....C_iQVFbwMxflUitxKmT0s
17:19:59.290 [main] [INFO ] i.g.source.SourceWorkEventListener.onEvent - 收到原始工作数据.....GXkCudtH-fBWyK3-Box2F
17:19:59.398 [main] [INFO ] i.g.source.SourceWorkEventListener.onEvent - 收到原始工作数据.....MFZTmiKAHG-921B1PYMUd
17:19:59.507 [main] [INFO ] i.g.source.SourceWorkEventListener.onEvent - 收到原始工作数据.....qzZU-PtnlrdPgOHfkaQpO
17:19:59.615 [main] [INFO ] i.g.source.SourceWorkEventListener.onEvent - 收到原始工作数据.....qOfKCRnN1E-05q_Mw3sOQ
17:19:59.722 [main] [INFO ] i.g.source.SourceWorkEventListener.onEvent - 收到原始工作数据.....biIURvTWX7-F3A--JswVd
17:19:59.831 [main] [INFO ] i.g.source.SourceWorkEventListener.onEvent - 收到原始工作数据.....tW_Mbyy80nhlLKmoGGCr5
17:19:59.940 [main] [INFO ] i.g.source.SourceWorkEventListener.onEvent - 收到原始工作数据.....nNHASgaSf-fN16AeKUUTG
17:20:00.047 [main] [INFO ] i.g.source.SourceWorkEventListener.onEvent - 收到原始工作数据.....o-U5w_hYqiUv0LKertCjC
17:20:00.156 [main] [INFO ] i.g.source.SourceWorkEventListener.onEvent - 收到原始工作数据.....B7uvM_-nCcBdFJgpFkHFB
17:20:00.263 [main] [INFO ] i.g.source.SourceWorkEventListener.onEvent - 收到原始工作数据.....Sr7vXUI4IvnU83bSdJZD9
17:20:00.372 [main] [INFO ] i.g.source.SourceWorkEventListener.onEvent - 收到原始工作数据.....RXk3eNUjRVEAB_B7dPq6a
17:20:00.480 [main] [INFO ] i.g.source.SourceWorkEventListener.onEvent - 收到原始工作数据.....yGopMDlisz81s1E2oRBZz
17:20:00.589 [main] [INFO ] i.g.source.SourceWorkEventListener.onEvent - 收到原始工作数据.....rBrFkRcNN7Nc2sUsnGvjf
17:20:00.697 [main] [INFO ] i.g.source.SourceWorkEventListener.onEvent - 收到原始工作数据.....QwU08gbLgSGpPYx-BXRjY
17:20:00.805 [main] [INFO ] i.g.source.SourceWorkEventListener.onEvent - 收到原始工作数据.....LrDlxoOI_6vPovsLUJuNe
17:20:00.915 [main] [INFO ] i.g.source.SourceWorkEventListener.onEvent - 收到原始工作数据.....3mjuwMvooGNsk7WOIIWE4
17:20:01.024 [main] [INFO ] i.g.source.SourceWorkEventListener.onEvent - 收到原始工作数据.....aIBbD7P8urx-u7twzX2YH
17:20:45.774 [main] [INFO ] io.github.work.AliceJobWork.beforeStart - 开始上班摸鱼.........
17:20:45.777 [main] [INFO ] io.github.work.AliceJobWork.work - 工作
17:20:45.879 [main] [INFO ] io.github.work.AliceJobWork.work - 工作
17:20:45.986 [main] [INFO ] io.github.work.AliceJobWork.work - 工作
17:20:46.096 [main] [INFO ] io.github.work.AliceJobWork.work - 工作
17:20:46.205 [main] [INFO ] io.github.work.AliceJobWork.work - 工作
17:20:46.314 [main] [INFO ] io.github.work.AliceJobWork.work - 工作
17:20:46.423 [main] [INFO ] io.github.work.AliceJobWork.work - 工作
17:20:46.532 [main] [INFO ] io.github.work.AliceJobWork.work - 工作
17:20:46.640 [main] [INFO ] io.github.work.AliceJobWork.work - 工作
17:20:46.748 [main] [INFO ] io.github.work.AliceJobWork.work - 工作
17:20:46.857 [main] [INFO ] io.github.work.AliceJobWork.work - 工作
17:20:46.965 [main] [INFO ] io.github.work.AliceJobWork.work - 工作
17:20:47.072 [main] [INFO ] io.github.work.AliceJobWork.work - 工作
17:20:47.182 [main] [INFO ] io.github.work.AliceJobWork.work - 工作
17:20:47.289 [main] [INFO ] io.github.work.AliceJobWork.work - 工作
17:20:47.397 [main] [INFO ] io.github.work.AliceJobWork.work - 工作
17:20:47.506 [main] [INFO ] io.github.work.AliceJobWork.work - 工作
17:20:47.612 [main] [INFO ] io.github.work.AliceJobWork.work - 工作
17:20:47.721 [main] [INFO ] io.github.work.AliceJobWork.work - 工作
17:20:47.830 [main] [INFO ] io.github.work.AliceJobWork.work - 工作
17:20:47.940 [main] [INFO ] io.github.work.AliceJobWork.work - 工作
17:20:48.047 [main] [INFO ] io.github.work.AliceJobWork.work - 工作
17:20:48.154 [main] [INFO ] io.github.work.AliceJobWork.work - 工作
17:20:48.262 [main] [INFO ] io.github.work.AliceJobWork.work - 工作
17:20:48.370 [main] [INFO ] io.github.work.AliceJobWork.work - 工作
17:20:48.477 [main] [INFO ] io.github.work.AliceJobWork.work - 工作
17:20:48.585 [main] [INFO ] io.github.work.AliceJobWork.work - 工作
17:20:48.692 [main] [INFO ] io.github.work.AliceJobWork.work - 工作
17:20:48.801 [main] [INFO ] io.github.work.AliceJobWork.work - 工作
17:20:48.909 [main] [INFO ] io.github.work.AliceJobWork.work - 工作
17:20:49.016 [main] [INFO ] io.github.work.AliceJobWork.work - 工作
17:20:49.122 [main] [INFO ] io.github.work.AliceJobWork.work - 工作
17:20:49.231 [main] [INFO ] io.github.work.AliceJobWork.work - 工作
17:20:49.338 [main] [INFO ] io.github.work.AliceJobWork.work - 工作
17:20:49.446 [main] [INFO ] io.github.work.AliceJobWork.work - 工作
17:20:49.553 [main] [INFO ] io.github.work.AliceJobWork.work - 工作
17:20:49.663 [main] [INFO ] io.github.work.AliceJobWork.work - 工作
17:20:49.772 [main] [INFO ] io.github.work.AliceJobWork.work - 工作
17:20:49.879 [main] [INFO ] io.github.work.AliceJobWork.work - 工作
17:20:49.988 [main] [INFO ] io.github.work.AliceJobWork.work - 工作
17:20:50.097 [main] [INFO ] io.github.work.AliceJobWork.work - 工作
17:20:50.206 [main] [INFO ] io.github.work.AliceJobWork.work - 工作
17:20:50.316 [main] [INFO ] io.github.work.AliceJobWork.work - 工作
17:20:50.424 [main] [INFO ] io.github.work.AliceJobWork.work - 工作
17:20:50.532 [main] [INFO ] io.github.work.AliceJobWork.work - 工作
17:20:50.641 [main] [INFO ] io.github.work.AliceJobWork.work - 工作
17:20:50.750 [main] [INFO ] io.github.work.AliceJobWork.work - 工作
17:20:50.859 [main] [INFO ] io.github.work.AliceJobWork.work - 工作
17:20:50.966 [main] [INFO ] io.github.work.AliceJobWork.work - 工作
17:20:51.074 [main] [INFO ] io.github.work.AliceJobWork.work - 工作
17:20:51.183 [main] [INFO ] io.github.work.AliceJobWork.work - 工作
17:20:51.291 [main] [INFO ] io.github.work.AliceJobWork.work - 工作
17:20:51.398 [main] [INFO ] io.github.work.AliceJobWork.work - 工作
17:20:51.505 [main] [INFO ] io.github.work.AliceJobWork.work - 工作
17:20:51.612 [main] [INFO ] io.github.work.AliceJobWork.work - 工作
17:20:51.720 [main] [INFO ] io.github.work.AliceJobWork.work - 工作
17:20:51.827 [main] [INFO ] io.github.work.AliceJobWork.work - 工作
17:20:51.936 [main] [INFO ] io.github.work.AliceJobWork.work - 工作
17:20:52.045 [main] [INFO ] io.github.work.AliceJobWork.work - 工作
17:20:52.154 [main] [INFO ] io.github.work.AliceJobWork.work - 工作
17:20:52.263 [main] [INFO ] io.github.work.AliceJobWork.work - 工作
17:20:52.373 [main] [INFO ] io.github.work.AliceJobWork.work - 工作
17:28:47.309 [main] [INFO ] io.github.work.AliceJobWork.beforeStart - 开始上班摸鱼.........
17:28:47.312 [main] [INFO ] io.github.work.AliceJobWork.work - 工作
17:28:47.428 [main] [INFO ] io.github.work.AliceJobWork.work - 工作
17:28:47.536 [main] [INFO ] io.github.work.AliceJobWork.work - 工作
17:28:47.643 [main] [INFO ] io.github.work.AliceJobWork.work - 工作
17:28:47.676 [ForkJoinPool.commonPool-worker-3] [INFO ] i.g.source.SourceWorkEventListener.onEvent - 收到原始工作数据.....3wpZTZkU1wHvRMHaxIhT9
17:28:47.682 [main] [INFO ] io.github.work.AliceJobWork.work - 工作
17:28:47.782 [ForkJoinPool.commonPool-worker-3] [INFO ] i.g.source.SourceWorkEventListener.onEvent - 收到原始工作数据.....FnBI_QRGcJCrV8OFVAfK_
17:28:47.782 [main] [INFO ] io.github.work.AliceJobWork.work - 工作
17:28:47.891 [main] [INFO ] io.github.work.AliceJobWork.work - 工作
17:28:47.891 [ForkJoinPool.commonPool-worker-3] [INFO ] i.g.source.SourceWorkEventListener.onEvent - 收到原始工作数据.....E8bL-VmPBDYLltkn7RDWt
17:28:47.891 [main] [INFO ] io.github.work.AliceJobWork.work - 工作
17:28:47.999 [main] [INFO ] io.github.work.AliceJobWork.work - 工作
17:28:47.999 [ForkJoinPool.commonPool-worker-3] [INFO ] i.g.source.SourceWorkEventListener.onEvent - 收到原始工作数据.....UQ_MVx7COnR2c13oZ0NJO
17:28:47.999 [main] [INFO ] io.github.work.AliceJobWork.work - 工作
17:28:48.108 [main] [INFO ] io.github.work.AliceJobWork.work - 工作
17:28:48.108 [ForkJoinPool.commonPool-worker-3] [INFO ] i.g.source.SourceWorkEventListener.onEvent - 收到原始工作数据.....0r9hMEY37TavnKughJP6k
17:28:48.108 [main] [INFO ] io.github.work.AliceJobWork.work - 工作
17:28:48.217 [ForkJoinPool.commonPool-worker-3] [INFO ] i.g.source.SourceWorkEventListener.onEvent - 收到原始工作数据.....aTHyLQUj9HtVJ0V7IIpkQ
17:28:48.217 [main] [INFO ] io.github.work.AliceJobWork.work - 工作
17:28:48.218 [main] [INFO ] io.github.work.AliceJobWork.work - 工作
17:28:48.326 [main] [INFO ] io.github.work.AliceJobWork.work - 工作
17:28:48.326 [ForkJoinPool.commonPool-worker-3] [INFO ] i.g.source.SourceWorkEventListener.onEvent - 收到原始工作数据.....VngCPvCQgvgR5KlLx_HlT
17:28:48.326 [main] [INFO ] io.github.work.AliceJobWork.work - 工作
17:28:48.433 [main] [INFO ] io.github.work.AliceJobWork.work - 工作
17:28:48.433 [ForkJoinPool.commonPool-worker-3] [INFO ] i.g.source.SourceWorkEventListener.onEvent - 收到原始工作数据.....samW03cE2tJmlhmBy9doy
17:28:48.434 [main] [INFO ] io.github.work.AliceJobWork.work - 工作
17:28:48.541 [main] [INFO ] io.github.work.AliceJobWork.work - 工作
17:28:48.541 [ForkJoinPool.commonPool-worker-3] [INFO ] i.g.source.SourceWorkEventListener.onEvent - 收到原始工作数据.....no73yrLxZezz0H7BZ2fWV
17:28:48.541 [main] [INFO ] io.github.work.AliceJobWork.work - 工作
17:28:48.650 [main] [INFO ] io.github.work.AliceJobWork.work - 工作
17:28:48.650 [ForkJoinPool.commonPool-worker-3] [INFO ] i.g.source.SourceWorkEventListener.onEvent - 收到原始工作数据.....O0vuJxwCNvwWwGvPJHeyN
17:28:48.650 [main] [INFO ] io.github.work.AliceJobWork.work - 工作
17:28:48.758 [main] [INFO ] io.github.work.AliceJobWork.work - 工作
17:28:48.758 [ForkJoinPool.commonPool-worker-3] [INFO ] i.g.source.SourceWorkEventListener.onEvent - 收到原始工作数据.....xyFAyvP6XkpEw85NmvjCE
17:28:48.758 [main] [INFO ] io.github.work.AliceJobWork.work - 工作
17:28:48.865 [ForkJoinPool.commonPool-worker-3] [INFO ] i.g.source.SourceWorkEventListener.onEvent - 收到原始工作数据.....CzjVCShT1U1JV9q3dB2HC
17:28:48.865 [main] [INFO ] io.github.work.AliceJobWork.work - 工作
17:28:48.866 [main] [INFO ] io.github.work.AliceJobWork.work - 工作
17:28:48.973 [main] [INFO ] io.github.work.AliceJobWork.work - 工作
17:28:48.973 [ForkJoinPool.commonPool-worker-3] [INFO ] i.g.source.SourceWorkEventListener.onEvent - 收到原始工作数据.....SiWEg9azuIMLas0-CIYX7
17:28:48.974 [main] [INFO ] io.github.work.AliceJobWork.work - 工作
17:28:49.082 [main] [INFO ] io.github.work.AliceJobWork.work - 工作
17:28:49.082 [ForkJoinPool.commonPool-worker-3] [INFO ] i.g.source.SourceWorkEventListener.onEvent - 收到原始工作数据.....GvYEuXuQ2cAmDHf73QGo2
17:28:49.082 [main] [INFO ] io.github.work.AliceJobWork.work - 工作
17:28:49.190 [main] [INFO ] io.github.work.AliceJobWork.work - 工作
17:28:49.190 [ForkJoinPool.commonPool-worker-3] [INFO ] i.g.source.SourceWorkEventListener.onEvent - 收到原始工作数据.....RQCN7MTEaz1hIY-Lcr9bQ
17:28:49.190 [main] [INFO ] io.github.work.AliceJobWork.work - 工作
17:28:49.299 [main] [INFO ] io.github.work.AliceJobWork.work - 工作
17:28:49.299 [ForkJoinPool.commonPool-worker-3] [INFO ] i.g.source.SourceWorkEventListener.onEvent - 收到原始工作数据.....OLISKrprLiWhimSLaqiXp
17:28:49.299 [main] [INFO ] io.github.work.AliceJobWork.work - 工作
17:28:49.406 [main] [INFO ] io.github.work.AliceJobWork.work - 工作
17:28:49.406 [ForkJoinPool.commonPool-worker-3] [INFO ] i.g.source.SourceWorkEventListener.onEvent - 收到原始工作数据.....HAag5eMRfpTtfPx08_Y_U
17:28:49.407 [main] [INFO ] io.github.work.AliceJobWork.work - 工作
17:28:49.515 [main] [INFO ] io.github.work.AliceJobWork.work - 工作
17:28:49.515 [ForkJoinPool.commonPool-worker-3] [INFO ] i.g.source.SourceWorkEventListener.onEvent - 收到原始工作数据.....iWx_ydYehudkSsLdneCKB
17:28:49.516 [main] [INFO ] io.github.work.AliceJobWork.work - 工作
17:28:49.624 [main] [INFO ] io.github.work.AliceJobWork.work - 工作
17:28:49.624 [ForkJoinPool.commonPool-worker-3] [INFO ] i.g.source.SourceWorkEventListener.onEvent - 收到原始工作数据.....LMuX3wiLUnVLyCU1DA0tW
17:28:49.624 [main] [INFO ] io.github.work.AliceJobWork.work - 工作
17:28:49.733 [main] [INFO ] io.github.work.AliceJobWork.work - 工作
17:28:49.733 [ForkJoinPool.commonPool-worker-3] [INFO ] i.g.source.SourceWorkEventListener.onEvent - 收到原始工作数据.....chjSp5OBVPNE_aTxXAA3A
17:28:49.734 [main] [INFO ] io.github.work.AliceJobWork.work - 工作
17:28:49.838 [main] [INFO ] io.github.work.AliceJobWork.work - 工作
17:28:49.839 [ForkJoinPool.commonPool-worker-3] [INFO ] i.g.source.SourceWorkEventListener.onEvent - 收到原始工作数据.....yYb6rl1AcK9qP30-3WMmU
17:28:49.839 [main] [INFO ] io.github.work.AliceJobWork.work - 工作
17:28:49.948 [main] [INFO ] io.github.work.AliceJobWork.work - 工作
17:28:49.949 [ForkJoinPool.commonPool-worker-3] [INFO ] i.g.source.SourceWorkEventListener.onEvent - 收到原始工作数据.....k2CGCeRV8XzisMggj__cr
17:28:49.949 [main] [INFO ] io.github.work.AliceJobWork.work - 工作
17:28:50.056 [main] [INFO ] io.github.work.AliceJobWork.work - 工作
17:28:50.056 [ForkJoinPool.commonPool-worker-3] [INFO ] i.g.source.SourceWorkEventListener.onEvent - 收到原始工作数据.....JMn_a5jxXKs_Qd7buWNxS
17:28:50.056 [main] [INFO ] io.github.work.AliceJobWork.work - 工作
17:28:50.164 [ForkJoinPool.commonPool-worker-3] [INFO ] i.g.source.SourceWorkEventListener.onEvent - 收到原始工作数据.....m1JASF-A9ha2zSytFt_1H
17:28:50.164 [main] [INFO ] io.github.work.AliceJobWork.work - 工作
17:28:50.164 [main] [INFO ] io.github.work.AliceJobWork.work - 工作
17:28:50.270 [main] [INFO ] io.github.work.AliceJobWork.work - 工作
17:28:50.270 [ForkJoinPool.commonPool-worker-3] [INFO ] i.g.source.SourceWorkEventListener.onEvent - 收到原始工作数据.....FL8oxTAmPaYAPnQ50jfWx
17:28:50.271 [main] [INFO ] io.github.work.AliceJobWork.work - 工作
17:28:50.379 [main] [INFO ] io.github.work.AliceJobWork.work - 工作
17:28:50.379 [ForkJoinPool.commonPool-worker-3] [INFO ] i.g.source.SourceWorkEventListener.onEvent - 收到原始工作数据.....0WbTTRSGYgx5voL2B8F5N
17:28:50.379 [main] [INFO ] io.github.work.AliceJobWork.work - 工作
17:28:50.485 [main] [INFO ] io.github.work.AliceJobWork.work - 工作
17:28:50.485 [ForkJoinPool.commonPool-worker-3] [INFO ] i.g.source.SourceWorkEventListener.onEvent - 收到原始工作数据.....Cagwe0bI7_LqM7Izz1bv-
17:28:50.486 [main] [INFO ] io.github.work.AliceJobWork.work - 工作
17:28:50.594 [ForkJoinPool.commonPool-worker-3] [INFO ] i.g.source.SourceWorkEventListener.onEvent - 收到原始工作数据.....Cl3SDTItjbMCU7Eh4a_jF
17:28:50.594 [main] [INFO ] io.github.work.AliceJobWork.work - 工作
17:28:50.595 [main] [INFO ] io.github.work.AliceJobWork.work - 工作
17:28:50.702 [main] [INFO ] io.github.work.AliceJobWork.work - 工作
17:28:50.702 [ForkJoinPool.commonPool-worker-3] [INFO ] i.g.source.SourceWorkEventListener.onEvent - 收到原始工作数据.....UvLCnUoAeaIAFiS6Vv92f
17:28:50.703 [main] [INFO ] io.github.work.AliceJobWork.work - 工作
17:28:50.808 [main] [INFO ] io.github.work.AliceJobWork.work - 工作
17:28:50.808 [ForkJoinPool.commonPool-worker-3] [INFO ] i.g.source.SourceWorkEventListener.onEvent - 收到原始工作数据.....ISCtdq1gyskfRvSYqHZU4
17:28:50.809 [main] [INFO ] io.github.work.AliceJobWork.work - 工作
17:28:50.917 [main] [INFO ] io.github.work.AliceJobWork.work - 工作
17:28:50.917 [ForkJoinPool.commonPool-worker-3] [INFO ] i.g.source.SourceWorkEventListener.onEvent - 收到原始工作数据.....T9hI5X5lqXnJyL3g4kX_2
17:28:50.917 [main] [INFO ] io.github.work.AliceJobWork.work - 工作
17:28:51.025 [main] [INFO ] io.github.work.AliceJobWork.work - 工作
17:28:51.025 [ForkJoinPool.commonPool-worker-3] [INFO ] i.g.source.SourceWorkEventListener.onEvent - 收到原始工作数据.....DrM0Y9jFwPczKhEpC_AaF
17:28:51.025 [main] [INFO ] io.github.work.AliceJobWork.work - 工作
17:28:51.134 [ForkJoinPool.commonPool-worker-3] [INFO ] i.g.source.SourceWorkEventListener.onEvent - 收到原始工作数据.....ihWkjbf6TWpogT6_wgwya
17:28:51.135 [main] [INFO ] io.github.work.AliceJobWork.work - 工作
17:28:51.241 [main] [INFO ] io.github.work.AliceJobWork.work - 工作
17:28:51.241 [ForkJoinPool.commonPool-worker-3] [INFO ] i.g.source.SourceWorkEventListener.onEvent - 收到原始工作数据.....19g5a-80CPavc5qzDqxkf
17:28:51.241 [main] [INFO ] io.github.work.AliceJobWork.work - 工作
17:28:51.351 [main] [INFO ] io.github.work.AliceJobWork.work - 工作
17:28:51.351 [ForkJoinPool.commonPool-worker-3] [INFO ] i.g.source.SourceWorkEventListener.onEvent - 收到原始工作数据.....sHPpCrGuRGfdhrXJ0u_4a
17:28:51.351 [main] [INFO ] io.github.work.AliceJobWork.work - 工作
17:28:51.460 [main] [INFO ] io.github.work.AliceJobWork.work - 工作
17:28:51.460 [ForkJoinPool.commonPool-worker-3] [INFO ] i.g.source.SourceWorkEventListener.onEvent - 收到原始工作数据.....x0VIZ9Xjjf5XnmB8O4qvq
17:28:51.460 [main] [INFO ] io.github.work.AliceJobWork.work - 工作
17:28:51.568 [main] [INFO ] io.github.work.AliceJobWork.work - 工作
17:28:51.568 [ForkJoinPool.commonPool-worker-3] [INFO ] i.g.source.SourceWorkEventListener.onEvent - 收到原始工作数据.....vdf3vkmV3FxzFjWyXynvf
17:28:51.568 [main] [INFO ] io.github.work.AliceJobWork.work - 工作
17:28:51.677 [main] [INFO ] io.github.work.AliceJobWork.work - 工作
17:28:51.677 [ForkJoinPool.commonPool-worker-3] [INFO ] i.g.source.SourceWorkEventListener.onEvent - 收到原始工作数据.....kjPuAPJe98XEP7NIrLUBD
17:28:51.677 [main] [INFO ] io.github.work.AliceJobWork.work - 工作
17:28:51.784 [main] [INFO ] io.github.work.AliceJobWork.work - 工作
17:28:51.784 [ForkJoinPool.commonPool-worker-3] [INFO ] i.g.source.SourceWorkEventListener.onEvent - 收到原始工作数据.....UuQUzAm2JpbSfQxMVTBju
17:28:51.785 [main] [INFO ] io.github.work.AliceJobWork.work - 工作
17:28:51.892 [main] [INFO ] io.github.work.AliceJobWork.work - 工作
17:28:51.893 [ForkJoinPool.commonPool-worker-3] [INFO ] i.g.source.SourceWorkEventListener.onEvent - 收到原始工作数据.....dLuPrMVbKKbx0Obous8Ev
17:28:51.893 [main] [INFO ] io.github.work.AliceJobWork.work - 工作
17:28:52.001 [main] [INFO ] io.github.work.AliceJobWork.work - 工作
17:28:52.001 [ForkJoinPool.commonPool-worker-3] [INFO ] i.g.source.SourceWorkEventListener.onEvent - 收到原始工作数据.....LE9otfMU1ZxU6KwIx5toF
17:28:52.002 [main] [INFO ] io.github.work.AliceJobWork.work - 工作
17:28:52.110 [main] [INFO ] io.github.work.AliceJobWork.work - 工作
17:28:52.110 [ForkJoinPool.commonPool-worker-3] [INFO ] i.g.source.SourceWorkEventListener.onEvent - 收到原始工作数据.....6lrE2F8roeOIyD_qmo9NT
17:28:52.111 [main] [INFO ] io.github.work.AliceJobWork.work - 工作
17:28:52.217 [main] [INFO ] io.github.work.AliceJobWork.work - 工作
17:28:52.217 [ForkJoinPool.commonPool-worker-3] [INFO ] i.g.source.SourceWorkEventListener.onEvent - 收到原始工作数据.....wHU1VbklyhUQPABCxHwvq
17:28:52.217 [main] [INFO ] io.github.work.AliceJobWork.work - 工作
17:28:52.324 [main] [INFO ] io.github.work.AliceJobWork.work - 工作
17:28:52.324 [ForkJoinPool.commonPool-worker-3] [INFO ] i.g.source.SourceWorkEventListener.onEvent - 收到原始工作数据.....ev7f8CPeaHEwcDbKVko_b
17:28:52.324 [main] [INFO ] io.github.work.AliceJobWork.work - 工作
17:28:52.431 [main] [INFO ] io.github.work.AliceJobWork.work - 工作
17:28:52.431 [ForkJoinPool.commonPool-worker-3] [INFO ] i.g.source.SourceWorkEventListener.onEvent - 收到原始工作数据.....UbQi1ZWQcjunvF3CGlyCB
17:28:52.432 [main] [INFO ] io.github.work.AliceJobWork.work - 工作
17:28:52.541 [main] [INFO ] io.github.work.AliceJobWork.work - 工作
17:28:52.541 [ForkJoinPool.commonPool-worker-3] [INFO ] i.g.source.SourceWorkEventListener.onEvent - 收到原始工作数据.....5cw-oRYRWbTm3b1fSvhc8
17:28:52.541 [main] [INFO ] io.github.work.AliceJobWork.work - 工作
17:28:52.649 [main] [INFO ] io.github.work.AliceJobWork.work - 工作
17:28:52.649 [ForkJoinPool.commonPool-worker-3] [INFO ] i.g.source.SourceWorkEventListener.onEvent - 收到原始工作数据.....XE1mnR-F-679N5WD_m-bO
17:28:52.649 [main] [INFO ] io.github.work.AliceJobWork.work - 工作
17:28:52.758 [main] [INFO ] io.github.work.AliceJobWork.work - 工作
17:28:52.758 [ForkJoinPool.commonPool-worker-3] [INFO ] i.g.source.SourceWorkEventListener.onEvent - 收到原始工作数据.....q2zJQJj8l8dYZLAFGmNFv
17:28:52.758 [main] [INFO ] io.github.work.AliceJobWork.work - 工作
17:28:52.866 [main] [INFO ] io.github.work.AliceJobWork.work - 工作
17:28:52.866 [ForkJoinPool.commonPool-worker-3] [INFO ] i.g.source.SourceWorkEventListener.onEvent - 收到原始工作数据.....6bl23m-guNX2rhqbuGhuH
17:28:52.867 [main] [INFO ] io.github.work.AliceJobWork.work - 工作
17:28:52.975 [main] [INFO ] io.github.work.AliceJobWork.work - 工作
17:28:52.975 [ForkJoinPool.commonPool-worker-3] [INFO ] i.g.source.SourceWorkEventListener.onEvent - 收到原始工作数据.....BO210Tqz27zIePeujWi12
17:28:52.976 [main] [INFO ] io.github.work.AliceJobWork.work - 工作
17:28:53.083 [main] [INFO ] io.github.work.AliceJobWork.work - 工作
17:28:53.083 [ForkJoinPool.commonPool-worker-3] [INFO ] i.g.source.SourceWorkEventListener.onEvent - 收到原始工作数据.....a8VnEXMBwXUf3C_RSnQPm
17:28:53.084 [main] [INFO ] io.github.work.AliceJobWork.work - 工作
17:28:53.193 [main] [INFO ] io.github.work.AliceJobWork.work - 工作
17:28:53.193 [ForkJoinPool.commonPool-worker-3] [INFO ] i.g.source.SourceWorkEventListener.onEvent - 收到原始工作数据.....mcJjcK0RMueD6rh6MzRGk
17:28:53.193 [main] [INFO ] io.github.work.AliceJobWork.work - 工作
17:28:53.302 [main] [INFO ] io.github.work.AliceJobWork.work - 工作
17:28:53.302 [ForkJoinPool.commonPool-worker-3] [INFO ] i.g.source.SourceWorkEventListener.onEvent - 收到原始工作数据.....-exQGjFnEUx-Km3cZZhAc
17:28:53.302 [main] [INFO ] io.github.work.AliceJobWork.work - 工作
17:28:53.409 [ForkJoinPool.commonPool-worker-3] [INFO ] i.g.source.SourceWorkEventListener.onEvent - 收到原始工作数据.....gsvOOiNyyP3m6NdTVxGgj
17:28:53.409 [main] [INFO ] io.github.work.AliceJobWork.work - 工作
17:28:53.409 [main] [INFO ] io.github.work.AliceJobWork.work - 工作
17:28:53.518 [main] [INFO ] io.github.work.AliceJobWork.work - 工作
17:28:53.518 [ForkJoinPool.commonPool-worker-3] [INFO ] i.g.source.SourceWorkEventListener.onEvent - 收到原始工作数据.....NJaeynpORQdpHgdY6K_LG
17:28:53.518 [main] [INFO ] io.github.work.AliceJobWork.work - 工作
17:28:53.626 [main] [INFO ] io.github.work.AliceJobWork.work - 工作
17:28:53.626 [ForkJoinPool.commonPool-worker-3] [INFO ] i.g.source.SourceWorkEventListener.onEvent - 收到原始工作数据.....A4Qywno7bMh68zzf4v7Qx
17:28:53.627 [main] [INFO ] io.github.work.AliceJobWork.work - 工作
17:28:53.735 [main] [INFO ] io.github.work.AliceJobWork.work - 工作
17:28:53.735 [ForkJoinPool.commonPool-worker-3] [INFO ] i.g.source.SourceWorkEventListener.onEvent - 收到原始工作数据.....ng9EaQ_zF-a5DGdcZOgCB
17:28:53.735 [main] [INFO ] io.github.work.AliceJobWork.work - 工作
17:28:53.842 [main] [INFO ] io.github.work.AliceJobWork.work - 工作
17:28:53.842 [ForkJoinPool.commonPool-worker-3] [INFO ] i.g.source.SourceWorkEventListener.onEvent - 收到原始工作数据.....Bi8ihNxdITCCbtGt9Xj73
17:28:53.843 [main] [INFO ] io.github.work.AliceJobWork.work - 工作
17:28:53.950 [main] [INFO ] io.github.work.AliceJobWork.work - 工作
17:28:53.950 [ForkJoinPool.commonPool-worker-3] [INFO ] i.g.source.SourceWorkEventListener.onEvent - 收到原始工作数据.....OTGhG6i9O68Jb5xsHKJdu
17:28:53.951 [main] [INFO ] io.github.work.AliceJobWork.work - 工作
17:28:54.058 [main] [INFO ] io.github.work.AliceJobWork.work - 工作
17:28:54.058 [ForkJoinPool.commonPool-worker-3] [INFO ] i.g.source.SourceWorkEventListener.onEvent - 收到原始工作数据.....HOhTXEKmNwlzavy6GdOXy
17:28:54.059 [main] [INFO ] io.github.work.AliceJobWork.work - 工作
17:28:54.166 [main] [INFO ] io.github.work.AliceJobWork.work - 工作
17:28:54.166 [ForkJoinPool.commonPool-worker-3] [INFO ] i.g.source.SourceWorkEventListener.onEvent - 收到原始工作数据.....9W8gBdV-J56oBeAO-A6rP
17:28:54.166 [main] [INFO ] io.github.work.AliceJobWork.work - 工作
17:28:54.273 [ForkJoinPool.commonPool-worker-3] [INFO ] i.g.source.SourceWorkEventListener.onEvent - 收到原始工作数据.....mw3C4oKyC-UEB470JBIjN
17:28:54.273 [main] [INFO ] io.github.work.AliceJobWork.work - 工作
17:28:54.274 [main] [INFO ] io.github.work.AliceJobWork.work - 工作
17:28:54.381 [main] [INFO ] io.github.work.AliceJobWork.work - 工作
17:28:54.381 [ForkJoinPool.commonPool-worker-3] [INFO ] i.g.source.SourceWorkEventListener.onEvent - 收到原始工作数据.....qZERlWxmZmqItNhPRVS4W
17:28:54.381 [main] [INFO ] io.github.work.AliceJobWork.work - 工作
17:28:54.489 [ForkJoinPool.commonPool-worker-3] [INFO ] i.g.source.SourceWorkEventListener.onEvent - 收到原始工作数据.....EHy_DU7keLRn1ld5ZKIcs
17:28:54.489 [main] [INFO ] io.github.work.AliceJobWork.work - 工作
17:28:54.490 [main] [INFO ] io.github.work.AliceJobWork.work - 工作
17:28:54.600 [main] [INFO ] io.github.work.AliceJobWork.work - 工作
17:28:54.600 [ForkJoinPool.commonPool-worker-3] [INFO ] i.g.source.SourceWorkEventListener.onEvent - 收到原始工作数据.....esEwji_vYCsRkLRRZMUyY
17:28:54.600 [main] [INFO ] io.github.work.AliceJobWork.work - 工作
17:28:54.711 [main] [INFO ] io.github.work.AliceJobWork.work - 工作
17:28:54.711 [ForkJoinPool.commonPool-worker-3] [INFO ] i.g.source.SourceWorkEventListener.onEvent - 收到原始工作数据.....kNsHU1LzteCrNPyjMSsMt
17:28:54.711 [main] [INFO ] io.github.work.AliceJobWork.work - 工作
17:28:54.819 [ForkJoinPool.commonPool-worker-3] [INFO ] i.g.source.SourceWorkEventListener.onEvent - 收到原始工作数据.....Wy05vigqOgGtNTSRjol_v
17:28:54.819 [main] [INFO ] io.github.work.AliceJobWork.work - 工作
17:28:54.819 [main] [INFO ] io.github.work.AliceJobWork.work - 工作
17:28:54.926 [ForkJoinPool.commonPool-worker-3] [INFO ] i.g.source.SourceWorkEventListener.onEvent - 收到原始工作数据.....pyBaQDY6IqDuITH1oo2mh
17:28:54.926 [main] [INFO ] io.github.work.AliceJobWork.work - 工作
17:28:54.927 [main] [INFO ] io.github.work.AliceJobWork.work - 工作
17:28:55.035 [ForkJoinPool.commonPool-worker-3] [INFO ] i.g.source.SourceWorkEventListener.onEvent - 收到原始工作数据.....WkoTF0lz9HHsrwqm6Szc9
17:28:55.035 [main] [INFO ] io.github.work.AliceJobWork.work - 工作
17:28:55.035 [main] [INFO ] io.github.work.AliceJobWork.work - 工作
17:28:55.143 [ForkJoinPool.commonPool-worker-3] [INFO ] i.g.source.SourceWorkEventListener.onEvent - 收到原始工作数据.....pTo0B_WWAcYDdaun8XFYM
17:28:55.143 [main] [INFO ] io.github.work.AliceJobWork.work - 工作
17:28:55.143 [main] [INFO ] io.github.work.AliceJobWork.work - 工作
17:28:55.251 [main] [INFO ] io.github.work.AliceJobWork.work - 工作
17:28:55.252 [ForkJoinPool.commonPool-worker-3] [INFO ] i.g.source.SourceWorkEventListener.onEvent - 收到原始工作数据.....z_FDdBmpxNA178F-By220
17:28:55.252 [main] [INFO ] io.github.work.AliceJobWork.work - 工作
17:28:55.360 [ForkJoinPool.commonPool-worker-3] [INFO ] i.g.source.SourceWorkEventListener.onEvent - 收到原始工作数据.....Ed8wwXOwM5j93I2vfJ-zV
17:28:55.360 [main] [INFO ] io.github.work.AliceJobWork.work - 工作
17:28:55.361 [main] [INFO ] io.github.work.AliceJobWork.work - 工作
17:28:55.469 [main] [INFO ] io.github.work.AliceJobWork.work - 工作
17:28:55.469 [ForkJoinPool.commonPool-worker-3] [INFO ] i.g.source.SourceWorkEventListener.onEvent - 收到原始工作数据....._DDGPmqZtCd1KGKfNLvLd
17:28:55.469 [main] [INFO ] io.github.work.AliceJobWork.work - 工作
17:28:55.576 [main] [INFO ] io.github.work.AliceJobWork.work - 工作
17:28:55.576 [ForkJoinPool.commonPool-worker-3] [INFO ] i.g.source.SourceWorkEventListener.onEvent - 收到原始工作数据.....sS2QZbP-STDuY-ej_nc2B
17:28:55.576 [main] [INFO ] io.github.work.AliceJobWork.work - 工作
17:28:55.685 [main] [INFO ] io.github.work.AliceJobWork.work - 工作
17:28:55.685 [ForkJoinPool.commonPool-worker-3] [INFO ] i.g.source.SourceWorkEventListener.onEvent - 收到原始工作数据.....CXcd1rZOEo84DiYXRq6WF
17:28:55.685 [main] [INFO ] io.github.work.AliceJobWork.work - 工作
17:28:55.794 [ForkJoinPool.commonPool-worker-3] [INFO ] i.g.source.SourceWorkEventListener.onEvent - 收到原始工作数据.....WZLAM5J0Nzwt30TqLzQfn
17:28:55.794 [main] [INFO ] io.github.work.AliceJobWork.work - 工作
17:28:55.794 [main] [INFO ] io.github.work.AliceJobWork.work - 工作
17:28:55.902 [ForkJoinPool.commonPool-worker-3] [INFO ] i.g.source.SourceWorkEventListener.onEvent - 收到原始工作数据.....kn1r4y9Hsgo-s3NlGgUax
17:28:55.902 [main] [INFO ] io.github.work.AliceJobWork.work - 工作
17:28:55.903 [main] [INFO ] io.github.work.AliceJobWork.work - 工作
17:28:56.010 [main] [INFO ] io.github.work.AliceJobWork.work - 工作
17:28:56.010 [ForkJoinPool.commonPool-worker-3] [INFO ] i.g.source.SourceWorkEventListener.onEvent - 收到原始工作数据.....QZIHQSo8zaRDz1r6zhy6b
17:28:56.011 [main] [INFO ] io.github.work.AliceJobWork.work - 工作
17:28:56.118 [main] [INFO ] io.github.work.AliceJobWork.work - 工作
17:28:56.118 [ForkJoinPool.commonPool-worker-3] [INFO ] i.g.source.SourceWorkEventListener.onEvent - 收到原始工作数据.....2qIyUrQl8FZ2jytnVFO3r
17:28:56.118 [main] [INFO ] io.github.work.AliceJobWork.work - 工作
17:28:56.226 [main] [INFO ] io.github.work.AliceJobWork.work - 工作
17:28:56.226 [ForkJoinPool.commonPool-worker-3] [INFO ] i.g.source.SourceWorkEventListener.onEvent - 收到原始工作数据.....LDhpNioFmlny8YgXOXNGG
17:28:56.227 [main] [INFO ] io.github.work.AliceJobWork.work - 工作
17:28:56.334 [main] [INFO ] io.github.work.AliceJobWork.work - 工作
17:28:56.334 [ForkJoinPool.commonPool-worker-3] [INFO ] i.g.source.SourceWorkEventListener.onEvent - 收到原始工作数据.....7lY-I1owpHF9qSDBX3xDS
17:28:56.334 [main] [INFO ] io.github.work.AliceJobWork.work - 工作
17:28:56.442 [ForkJoinPool.commonPool-worker-3] [INFO ] i.g.source.SourceWorkEventListener.onEvent - 收到原始工作数据.....YxHNvuWyPhJyog1gDvouQ
17:28:56.442 [main] [INFO ] io.github.work.AliceJobWork.work - 工作
17:28:56.442 [main] [INFO ] io.github.work.AliceJobWork.work - 工作
17:28:56.550 [main] [INFO ] io.github.work.AliceJobWork.work - 工作
17:28:56.550 [ForkJoinPool.commonPool-worker-3] [INFO ] i.g.source.SourceWorkEventListener.onEvent - 收到原始工作数据.....Wu2zWbqR_QzaCkcbE3zRo
17:28:56.550 [main] [INFO ] io.github.work.AliceJobWork.work - 工作
17:28:56.660 [ForkJoinPool.commonPool-worker-3] [INFO ] i.g.source.SourceWorkEventListener.onEvent - 收到原始工作数据.....HZY1qSb3wd3yrdSaZB9pj
17:28:56.660 [main] [INFO ] io.github.work.AliceJobWork.work - 工作
17:28:56.660 [main] [INFO ] io.github.work.AliceJobWork.work - 工作
17:28:56.769 [main] [INFO ] io.github.work.AliceJobWork.work - 工作
17:28:56.769 [ForkJoinPool.commonPool-worker-3] [INFO ] i.g.source.SourceWorkEventListener.onEvent - 收到原始工作数据.....Kkvb7tdlxQXZbINhBmztm
17:28:56.769 [main] [INFO ] io.github.work.AliceJobWork.work - 工作
17:28:56.877 [main] [INFO ] io.github.work.AliceJobWork.work - 工作
17:28:56.877 [ForkJoinPool.commonPool-worker-3] [INFO ] i.g.source.SourceWorkEventListener.onEvent - 收到原始工作数据.....cgDxn6BFRFl6WLeq390b8
17:28:56.877 [main] [INFO ] io.github.work.AliceJobWork.work - 工作
17:28:56.986 [ForkJoinPool.commonPool-worker-3] [INFO ] i.g.source.SourceWorkEventListener.onEvent - 收到原始工作数据....._qeg-eqV8DmbZ35_lSJqe
17:28:56.986 [main] [INFO ] io.github.work.AliceJobWork.work - 工作
17:28:56.986 [main] [INFO ] io.github.work.AliceJobWork.work - 工作
17:28:57.095 [ForkJoinPool.commonPool-worker-3] [INFO ] i.g.source.SourceWorkEventListener.onEvent - 收到原始工作数据.....tMystWd4VbcSW6JQ0adA1
17:28:57.095 [main] [INFO ] io.github.work.AliceJobWork.work - 工作
17:28:57.095 [main] [INFO ] io.github.work.AliceJobWork.work - 工作
17:28:57.203 [main] [INFO ] io.github.work.AliceJobWork.work - 工作
17:28:57.203 [ForkJoinPool.commonPool-worker-3] [INFO ] i.g.source.SourceWorkEventListener.onEvent - 收到原始工作数据.....npmoVTwhfpVyzekUqbNK9
17:28:57.204 [main] [INFO ] io.github.work.AliceJobWork.work - 工作
17:28:57.312 [main] [INFO ] io.github.work.AliceJobWork.work - 工作
17:28:57.312 [ForkJoinPool.commonPool-worker-3] [INFO ] i.g.source.SourceWorkEventListener.onEvent - 收到原始工作数据.....4wLXdp5DFOX84b4gWtW2N
17:28:57.312 [main] [INFO ] io.github.work.AliceJobWork.work - 工作
17:31:30.830 [main] [INFO ] io.github.work.AliceJobWork.beforeStart - 开始上班摸鱼.........
17:31:31.134 [ForkJoinPool.commonPool-worker-3] [INFO ] i.g.source.SourceWorkEventListener.onEvent - 收到原始工作数据.....DSv5cnslySc8uxpGvPAHZ
17:31:31.245 [ForkJoinPool.commonPool-worker-3] [INFO ] i.g.source.SourceWorkEventListener.onEvent - 收到原始工作数据.....jZs5_WT6rvFsGfT8J6dG8
17:31:31.353 [ForkJoinPool.commonPool-worker-3] [INFO ] i.g.source.SourceWorkEventListener.onEvent - 收到原始工作数据.....yveukZ_5iK-08d5FajO8H
17:31:31.461 [ForkJoinPool.commonPool-worker-3] [INFO ] i.g.source.SourceWorkEventListener.onEvent - 收到原始工作数据.....CI3PQlP4U6BM3kEvEpOAW
17:31:31.569 [ForkJoinPool.commonPool-worker-3] [INFO ] i.g.source.SourceWorkEventListener.onEvent - 收到原始工作数据.....Ehx2ZabTOhF4iBwGg7sGH
17:31:31.677 [ForkJoinPool.commonPool-worker-3] [INFO ] i.g.source.SourceWorkEventListener.onEvent - 收到原始工作数据.....6KrSLRBFN6kbUxTytklF5
17:31:31.785 [ForkJoinPool.commonPool-worker-3] [INFO ] i.g.source.SourceWorkEventListener.onEvent - 收到原始工作数据.....7E-zNC-xruit14VfaYsuS
17:31:31.894 [ForkJoinPool.commonPool-worker-3] [INFO ] i.g.source.SourceWorkEventListener.onEvent - 收到原始工作数据.....xMo6p0hd4FDqLQWK81SoT
17:31:32.003 [ForkJoinPool.commonPool-worker-3] [INFO ] i.g.source.SourceWorkEventListener.onEvent - 收到原始工作数据.....yACg-gS5yLhxQNA5glzX1
17:31:32.112 [ForkJoinPool.commonPool-worker-3] [INFO ] i.g.source.SourceWorkEventListener.onEvent - 收到原始工作数据.....2nE1GQbQfoBEFCQnG913I
17:31:32.220 [ForkJoinPool.commonPool-worker-3] [INFO ] i.g.source.SourceWorkEventListener.onEvent - 收到原始工作数据.....FKfVCJ1X3yLKqupzsUal4
17:31:32.327 [ForkJoinPool.commonPool-worker-3] [INFO ] i.g.source.SourceWorkEventListener.onEvent - 收到原始工作数据.....K8l_2LNEiX0lTI_VoY4jZ
17:31:32.436 [ForkJoinPool.commonPool-worker-3] [INFO ] i.g.source.SourceWorkEventListener.onEvent - 收到原始工作数据.....8cnTj53GWZC3RCSKwafiS
17:31:32.545 [ForkJoinPool.commonPool-worker-3] [INFO ] i.g.source.SourceWorkEventListener.onEvent - 收到原始工作数据.....X6LvoZmMYh6cFSwbwrKIt
17:31:32.654 [ForkJoinPool.commonPool-worker-3] [INFO ] i.g.source.SourceWorkEventListener.onEvent - 收到原始工作数据.....Qg4MNRpgHLKvAJh4kXXhk
17:31:32.762 [ForkJoinPool.commonPool-worker-3] [INFO ] i.g.source.SourceWorkEventListener.onEvent - 收到原始工作数据.....Svp_YRwZGvct6DyBPspIW
17:31:32.870 [ForkJoinPool.commonPool-worker-3] [INFO ] i.g.source.SourceWorkEventListener.onEvent - 收到原始工作数据.....PagLrKAdz2hDcWZThya4p
17:31:32.978 [ForkJoinPool.commonPool-worker-3] [INFO ] i.g.source.SourceWorkEventListener.onEvent - 收到原始工作数据.....Jgm_B-Sjd3AIdzztPAhCt
17:31:33.086 [ForkJoinPool.commonPool-worker-3] [INFO ] i.g.source.SourceWorkEventListener.onEvent - 收到原始工作数据.....I685jXxT8rqINUugvmUrc
17:31:33.195 [ForkJoinPool.commonPool-worker-3] [INFO ] i.g.source.SourceWorkEventListener.onEvent - 收到原始工作数据.....rliIjbplYQbp_g3gmYOkJ
17:31:33.304 [ForkJoinPool.commonPool-worker-3] [INFO ] i.g.source.SourceWorkEventListener.onEvent - 收到原始工作数据.....FbBIAMmpiAQMrw439eQFA
17:31:33.414 [ForkJoinPool.commonPool-worker-3] [INFO ] i.g.source.SourceWorkEventListener.onEvent - 收到原始工作数据.....ChuBWowAjFavBT1BQ1ko6
17:31:33.524 [ForkJoinPool.commonPool-worker-3] [INFO ] i.g.source.SourceWorkEventListener.onEvent - 收到原始工作数据.....SWkv1F2rchTX38vT9L-OQ
17:31:33.633 [ForkJoinPool.commonPool-worker-3] [INFO ] i.g.source.SourceWorkEventListener.onEvent - 收到原始工作数据.....EpCg2qa10_ERus63IKhq8
17:31:33.743 [ForkJoinPool.commonPool-worker-3] [INFO ] i.g.source.SourceWorkEventListener.onEvent - 收到原始工作数据.....5dPnjgNqtm2h388Ch_2_7
17:31:33.851 [ForkJoinPool.commonPool-worker-3] [INFO ] i.g.source.SourceWorkEventListener.onEvent - 收到原始工作数据.....-X-8HmeRpCjzQTnEfTfz1
17:31:33.959 [ForkJoinPool.commonPool-worker-3] [INFO ] i.g.source.SourceWorkEventListener.onEvent - 收到原始工作数据.....qR5Cw46fXU_Z_MwTWmEG6
17:31:34.067 [ForkJoinPool.commonPool-worker-3] [INFO ] i.g.source.SourceWorkEventListener.onEvent - 收到原始工作数据.....CIThGu1NfF8YkQTMMiYgX
17:31:34.174 [ForkJoinPool.commonPool-worker-3] [INFO ] i.g.source.SourceWorkEventListener.onEvent - 收到原始工作数据.....bwgKWXDe7LWsNJkF9Weko
17:31:34.282 [ForkJoinPool.commonPool-worker-3] [INFO ] i.g.source.SourceWorkEventListener.onEvent - 收到原始工作数据.....KHuQVKZGofHlnQJRBoxfZ
17:31:34.389 [ForkJoinPool.commonPool-worker-3] [INFO ] i.g.source.SourceWorkEventListener.onEvent - 收到原始工作数据.....Cyv5zrSAa7-v25VNAwZ6X
17:31:34.497 [ForkJoinPool.commonPool-worker-3] [INFO ] i.g.source.SourceWorkEventListener.onEvent - 收到原始工作数据.....1Wr1nEW3Q9q9JpOJoi1QT
17:31:34.605 [ForkJoinPool.commonPool-worker-3] [INFO ] i.g.source.SourceWorkEventListener.onEvent - 收到原始工作数据.....7OfL6S_t-UJtBzVQHIPtY
17:31:34.713 [ForkJoinPool.commonPool-worker-3] [INFO ] i.g.source.SourceWorkEventListener.onEvent - 收到原始工作数据.....GDQJdX1E6af6lMISLGy38
17:31:34.821 [ForkJoinPool.commonPool-worker-3] [INFO ] i.g.source.SourceWorkEventListener.onEvent - 收到原始工作数据.....KNNRLtTGASPYq3r2Peblz
17:31:34.930 [ForkJoinPool.commonPool-worker-3] [INFO ] i.g.source.SourceWorkEventListener.onEvent - 收到原始工作数据.....4gvcS9d9AKlMzJuW8puZk
17:31:35.038 [ForkJoinPool.commonPool-worker-3] [INFO ] i.g.source.SourceWorkEventListener.onEvent - 收到原始工作数据.....iNfIn2PikiQnqEgEVnAR9
17:31:35.147 [ForkJoinPool.commonPool-worker-3] [INFO ] i.g.source.SourceWorkEventListener.onEvent - 收到原始工作数据.....aeBOsANXWpNuYaLShjKrv
17:31:35.257 [ForkJoinPool.commonPool-worker-3] [INFO ] i.g.source.SourceWorkEventListener.onEvent - 收到原始工作数据.....h0gXrEtdEdeEuVwdaDx5N
17:31:35.365 [ForkJoinPool.commonPool-worker-3] [INFO ] i.g.source.SourceWorkEventListener.onEvent - 收到原始工作数据.....Y-w1cPFTE59dTgpHcwBr_
17:31:35.474 [ForkJoinPool.commonPool-worker-3] [INFO ] i.g.source.SourceWorkEventListener.onEvent - 收到原始工作数据.....DPD5qekwg8-YxdwsFDkrB
17:31:35.587 [ForkJoinPool.commonPool-worker-3] [INFO ] i.g.source.SourceWorkEventListener.onEvent - 收到原始工作数据.....Jq9I7g0AmNM823qZKnb3x
17:31:35.727 [ForkJoinPool.commonPool-worker-3] [INFO ] i.g.source.SourceWorkEventListener.onEvent - 收到原始工作数据.....FJHB7Z1Za3AFd_MABUOQt
17:31:35.891 [ForkJoinPool.commonPool-worker-3] [INFO ] i.g.source.SourceWorkEventListener.onEvent - 收到原始工作数据.....SmkgkDia42VdXkppIkaoG
17:31:36.003 [ForkJoinPool.commonPool-worker-3] [INFO ] i.g.source.SourceWorkEventListener.onEvent - 收到原始工作数据.....6q6XV8azD67ONhHU_PCqw
17:31:36.116 [ForkJoinPool.commonPool-worker-3] [INFO ] i.g.source.SourceWorkEventListener.onEvent - 收到原始工作数据.....ROVQhVrmDZ16v7KbRHo2w
17:31:36.254 [ForkJoinPool.commonPool-worker-3] [INFO ] i.g.source.SourceWorkEventListener.onEvent - 收到原始工作数据.....-POtaIhm8uW428oSfu_Ff
17:31:36.374 [ForkJoinPool.commonPool-worker-3] [INFO ] i.g.source.SourceWorkEventListener.onEvent - 收到原始工作数据.....ph5R7TOCzS_HVaX9LUZGU
17:31:36.496 [ForkJoinPool.commonPool-worker-3] [INFO ] i.g.source.SourceWorkEventListener.onEvent - 收到原始工作数据.....SBIdeuxC7QmRpTyB7rVVR
17:31:36.615 [ForkJoinPool.commonPool-worker-3] [INFO ] i.g.source.SourceWorkEventListener.onEvent - 收到原始工作数据.....BKw6xg-9Hds-kya4Otspl
17:31:36.722 [ForkJoinPool.commonPool-worker-3] [INFO ] i.g.source.SourceWorkEventListener.onEvent - 收到原始工作数据.....8Z1f8b04CmiLyl4pBhIpi
17:31:36.864 [ForkJoinPool.commonPool-worker-3] [INFO ] i.g.source.SourceWorkEventListener.onEvent - 收到原始工作数据.....vADpFZLlhayeoPvLh76ZT
17:31:37.005 [ForkJoinPool.commonPool-worker-3] [INFO ] i.g.source.SourceWorkEventListener.onEvent - 收到原始工作数据.....KxyaGhYudJaglb55A2wW8
17:31:37.137 [ForkJoinPool.commonPool-worker-3] [INFO ] i.g.source.SourceWorkEventListener.onEvent - 收到原始工作数据.....8w21TbozqVosJyuSb3u37
17:31:37.272 [ForkJoinPool.commonPool-worker-3] [INFO ] i.g.source.SourceWorkEventListener.onEvent - 收到原始工作数据.....VDS9ZKR_VlTtHvZ3GE5ZC
17:31:37.383 [ForkJoinPool.commonPool-worker-3] [INFO ] i.g.source.SourceWorkEventListener.onEvent - 收到原始工作数据.....41-wQy2yJTH0vNGdc3rUE
17:31:37.534 [ForkJoinPool.commonPool-worker-3] [INFO ] i.g.source.SourceWorkEventListener.onEvent - 收到原始工作数据.....xwYtfgcMcGR9591HV7nAH
17:31:37.648 [ForkJoinPool.commonPool-worker-3] [INFO ] i.g.source.SourceWorkEventListener.onEvent - 收到原始工作数据.....70vor738Htg2WoxFVP5wN
17:31:37.756 [ForkJoinPool.commonPool-worker-3] [INFO ] i.g.source.SourceWorkEventListener.onEvent - 收到原始工作数据.....OGXwmjbiWNeozqi3VnFNB
17:31:37.869 [ForkJoinPool.commonPool-worker-3] [INFO ] i.g.source.SourceWorkEventListener.onEvent - 收到原始工作数据.....ac3I3GpJkPzSIfyFyTmKC
17:31:37.996 [ForkJoinPool.commonPool-worker-3] [INFO ] i.g.source.SourceWorkEventListener.onEvent - 收到原始工作数据.....3g6ITurZbl8BJelSJfm5p
17:31:38.148 [ForkJoinPool.commonPool-worker-3] [INFO ] i.g.source.SourceWorkEventListener.onEvent - 收到原始工作数据.....Vf7y417RKcDLYNK9LW4S-
17:31:38.260 [ForkJoinPool.commonPool-worker-3] [INFO ] i.g.source.SourceWorkEventListener.onEvent - 收到原始工作数据.....j7vF-mjM_GOPp_zrx5d0F
17:31:38.367 [ForkJoinPool.commonPool-worker-3] [INFO ] i.g.source.SourceWorkEventListener.onEvent - 收到原始工作数据.....Cf4xq2PzANXDiLQvJJ-Lq
17:31:38.474 [ForkJoinPool.commonPool-worker-3] [INFO ] i.g.source.SourceWorkEventListener.onEvent - 收到原始工作数据.....JrJqZCHWBAC5nVNwDwzkM
17:31:38.628 [ForkJoinPool.commonPool-worker-3] [INFO ] i.g.source.SourceWorkEventListener.onEvent - 收到原始工作数据.....UeTtX1s4JXEqVayik4q6t
17:31:38.736 [ForkJoinPool.commonPool-worker-3] [INFO ] i.g.source.SourceWorkEventListener.onEvent - 收到原始工作数据.....0a_gKRq606ClijVD_zHjg
17:31:38.846 [ForkJoinPool.commonPool-worker-3] [INFO ] i.g.source.SourceWorkEventListener.onEvent - 收到原始工作数据.....1kdEcsvEGDw8vJ1YAXyJd
17:31:38.954 [ForkJoinPool.commonPool-worker-3] [INFO ] i.g.source.SourceWorkEventListener.onEvent - 收到原始工作数据.....NsL_3QbLImXfkfxPR9kSv
17:31:39.062 [ForkJoinPool.commonPool-worker-3] [INFO ] i.g.source.SourceWorkEventListener.onEvent - 收到原始工作数据.....ze1Yck_yzbHM3_unkjjbg
17:31:39.170 [ForkJoinPool.commonPool-worker-3] [INFO ] i.g.source.SourceWorkEventListener.onEvent - 收到原始工作数据.....9NIDqE2q9ekL55-925dKS
17:31:39.279 [ForkJoinPool.commonPool-worker-3] [INFO ] i.g.source.SourceWorkEventListener.onEvent - 收到原始工作数据.....Zeyf4FyztFQLtSB0NDdw5
17:31:39.388 [ForkJoinPool.commonPool-worker-3] [INFO ] i.g.source.SourceWorkEventListener.onEvent - 收到原始工作数据.....iYKi7ui0tn-aSaGKtZRq9
17:31:39.496 [ForkJoinPool.commonPool-worker-3] [INFO ] i.g.source.SourceWorkEventListener.onEvent - 收到原始工作数据.....QsMFpQ52mKVIcuZBmsvVJ
17:31:39.605 [ForkJoinPool.commonPool-worker-3] [INFO ] i.g.source.SourceWorkEventListener.onEvent - 收到原始工作数据.....TkETniEDp1MTzv00KGBEU
17:31:39.713 [ForkJoinPool.commonPool-worker-3] [INFO ] i.g.source.SourceWorkEventListener.onEvent - 收到原始工作数据.....wC8TQ7aCaQFY6Oo6Gg27m
17:31:39.821 [ForkJoinPool.commonPool-worker-3] [INFO ] i.g.source.SourceWorkEventListener.onEvent - 收到原始工作数据.....5QxJEwdwAk_D1LM8bu5eU
17:31:39.929 [ForkJoinPool.commonPool-worker-3] [INFO ] i.g.source.SourceWorkEventListener.onEvent - 收到原始工作数据.....G6OS91K2lR0rO9BeqvCAw
17:31:40.037 [ForkJoinPool.commonPool-worker-3] [INFO ] i.g.source.SourceWorkEventListener.onEvent - 收到原始工作数据.....EwJ93a5eUKtS4dlh1YgFs
17:32:13.593 [main] [INFO ] io.github.work.AliceJobWork.beforeStart - 开始上班摸鱼.........
17:32:13.898 [ForkJoinPool.commonPool-worker-3] [INFO ] i.g.source.SourceWorkEventListener.onEvent - 收到原始工作数据.....oSbb55hev8j5dTpwmOMcI
17:32:14.402 [ForkJoinPool.commonPool-worker-3] [INFO ] i.g.source.SourceWorkEventListener.onEvent - 收到原始工作数据.....B6YsviD_dM4mbJGdKXRYv
17:32:14.911 [ForkJoinPool.commonPool-worker-3] [INFO ] i.g.source.SourceWorkEventListener.onEvent - 收到原始工作数据.....xfYXr4TqqKD7k-P_YF4Gq
17:32:15.420 [ForkJoinPool.commonPool-worker-3] [INFO ] i.g.source.SourceWorkEventListener.onEvent - 收到原始工作数据.....8rhOEIxabJBAvN2JZOlI2
17:32:15.931 [ForkJoinPool.commonPool-worker-3] [INFO ] i.g.source.SourceWorkEventListener.onEvent - 收到原始工作数据.....we4o_0ZhUjJKRfz4jyCtY
17:32:16.440 [ForkJoinPool.commonPool-worker-3] [INFO ] i.g.source.SourceWorkEventListener.onEvent - 收到原始工作数据.....p_Z0I1AzmiXvVvmYpxP49
17:32:16.955 [ForkJoinPool.commonPool-worker-3] [INFO ] i.g.source.SourceWorkEventListener.onEvent - 收到原始工作数据.....xzxfoigUzHwxBTr3Xip8F
17:32:17.468 [ForkJoinPool.commonPool-worker-3] [INFO ] i.g.source.SourceWorkEventListener.onEvent - 收到原始工作数据.....6R32uEB95AXEfhM5gHsOZ
17:32:17.979 [ForkJoinPool.commonPool-worker-3] [INFO ] i.g.source.SourceWorkEventListener.onEvent - 收到原始工作数据.....p_SYM69nuusydqv9xbdGm
17:32:18.489 [ForkJoinPool.commonPool-worker-3] [INFO ] i.g.source.SourceWorkEventListener.onEvent - 收到原始工作数据.....RrIAorTMPfg7XNrxX5Zxt
17:32:19.001 [ForkJoinPool.commonPool-worker-3] [INFO ] i.g.source.SourceWorkEventListener.onEvent - 收到原始工作数据.....xJ9ctC4m0vxvyvthGhItK
17:32:19.515 [ForkJoinPool.commonPool-worker-3] [INFO ] i.g.source.SourceWorkEventListener.onEvent - 收到原始工作数据.....4agq8xJJfyE8FGToxr4_X
17:32:20.028 [ForkJoinPool.commonPool-worker-3] [INFO ] i.g.source.SourceWorkEventListener.onEvent - 收到原始工作数据.....fKiRSvK2jDbINYhMAZ8p9
